app/app/build/outputs/mapping/fullRelease/seeds.txt
com.hostshield.data.database.FirewallRuleDao_Impl$setVpn$2
com.hostshield.data.database.DailyBreakdown
com.hostshield.service.DnsVpnService_GeneratedInjector
com.hostshield.data.database.Converters
com.hostshield.ui.screens.apps.AppPrivacyViewModel
com.hostshield.data.database.DnsLogDao_Impl$Companion
com.hostshield.service.RootDnsService
com.hostshield.data.database.BlockStatsDao_Impl$Companion
com.hostshield.data.database.HostSourceDao_Impl$getAllSourcesList$2
com.hostshield.data.database.FirewallRuleDao
com.hostshield.data.database.ProfileDao_Impl$4
com.hostshield.data.database.FirewallRuleDao_Impl$getBlockedCount$1
com.hostshield.data.database.BlockStatsDao_Impl$getStatsByDate$2
com.hostshield.data.database.FirewallRuleDao$DefaultImpls
com.hostshield.data.database.HostSourceDao_Impl$insertAll$2
com.hostshield.data.database.UserRuleDao_Impl$getAllRules$1
com.hostshield.ui.screens.settings.RuleTestViewModel
com.hostshield.ui.screens.settings.HostsDiffViewModel
com.hostshield.data.database.FirewallRuleDao_Impl$getBlockedRules$1
com.hostshield.data.database.HostSourceDao_Impl$Companion
com.hostshield.data.database.FirewallRuleDao_Impl$insert$2
com.hostshield.data.database.DnsLogDao_Impl$searchLogs$1
com.hostshield.ui.screens.settings.HostsEditorViewModel
com.hostshield.data.database.FirewallRuleDao_Impl$blockAll$2
com.hostshield.data.database.DnsLogDao_Impl$getTopBlockedApps$1
com.hostshield.data.database.FirewallRuleDao_Impl$5
com.hostshield.HostShieldApp_GeneratedInjector
com.hostshield.data.database.FirewallRuleDao_Impl$update$2
com.hostshield.data.database.FirewallRuleDao_Impl$resetAll$2
com.hostshield.data.database.UserRuleDao_Impl$5
com.hostshield.ui.screens.settings.DnsLeakTestViewModel
com.hostshield.data.database.DnsLogDao_Impl$1
com.hostshield.data.database.DnsLogDao_Impl$3
com.hostshield.data.database.HostSourceDao_Impl$getEnabledAllowlistSources$2
com.hostshield.data.database.ConnectionLogDao_Impl
com.hostshield.data.database.HostSourceDao
com.hostshield.data.database.ConnectionLogDao_Impl$3
com.hostshield.data.database.FirewallRuleDao_Impl$delete$2
com.hostshield.data.database.UserRuleDao_Impl$insertAll$2
com.hostshield.service.AutomationReceiver_GeneratedInjector
com.hostshield.MainActivity
com.hostshield.data.database.HostSourceDao_Impl$3
com.hostshield.data.database.ProfileDao_Impl$getAllProfiles$1
com.hostshield.data.database.DnsLogDao_Impl$getDomainsForApp$1
com.hostshield.data.database.DnsLogDao_Impl$updateAppInfo$2
com.hostshield.data.database.UserRuleDao_Impl
com.hostshield.data.model.ConnectionLogEntry
com.hostshield.ui.screens.settings.FirewallViewModel
com.hostshield.data.model.SourceCategory
com.hostshield.data.database.AppDomainStat
com.hostshield.data.database.ConnectionLogDao_Impl$1
com.hostshield.data.database.HostSourceDao_Impl$updateHealth$2
com.hostshield.data.database.DnsLogDao_Impl$insertAll$2
com.hostshield.service.HostShieldTileService
com.hostshield.data.database.HostSourceDao_Impl$setEnabled$2
com.hostshield.data.model.SourceHealth
com.hostshield.data.database.BlockStatsDao_Impl
com.hostshield.data.database.FirewallRuleDao_Impl$2
com.hostshield.data.database.HostSourceDao_Impl$getEnabledSources$2
com.hostshield.data.database.Migrations$MIGRATION_6_7$1
com.hostshield.data.model.BlockingProfile
com.hostshield.data.database.DnsLogDao_Impl$getBlockedCountSince$1
com.hostshield.data.database.HostSourceDao_Impl$getAllSources$1
com.hostshield.data.database.ProfileDao_Impl$3
com.hostshield.data.database.ProfileDao_Impl
com.hostshield.data.database.DnsLogDao
com.hostshield.data.database.ConnectionLogDao_Impl$getBlockedLogs$1
com.hostshield.data.database.ConnectionLogDao_Impl$getTotalBlockedCount$1
com.hostshield.util.DiagnosticExporter
com.hostshield.service.DnsPacketBuilder
com.hostshield.data.database.HostSourceDao_Impl$2
com.hostshield.data.database.DnsLogDao_Impl$getById$2
com.hostshield.data.database.DnsLogDao_Impl$insertAndGetId$2
com.hostshield.data.database.UserRuleDao_Impl$4
...
kotlinx.coroutines.flow.FlowKt__TransformKt$map$$inlined$unsafeTransform$1$1: int label
kotlinx.coroutines.flow.SharingConfig: kotlin.coroutines.CoroutineContext context
dagger.hilt.android.internal.managers.FragmentComponentManager: java.lang.Object component
dagger.hilt.android.internal.lifecycle.HiltViewModelFactory: androidx.lifecycle.ViewModelProvider$Factory hiltViewModelFactory
okhttp3.CacheControl: int minFreshSeconds
kotlinx.coroutines.internal.OnDemandAllocatingPool: int controlState
okhttp3.internal.ws.RealWebSocket: java.lang.String receivedCloseReason
kotlinx.coroutines.flow.FlowKt__ZipKt$combine$$inlined$combineUnsafe$FlowKt__ZipKt$1$2: java.lang.Object L$1
kotlinx.coroutines.internal.LockFreeTaskQueueCore: boolean singleConsumer
androidx.room.migration.Migration: int endVersion
androidx.room.RoomDatabase: int MAX_BIND_PARAMETER_CNT
androidx.work.impl.model.WorkSpec: androidx.arch.core.util.Function WORK_INFO_MAPPER
okhttp3.internal.http2.Http2Connection$ReaderRunnable: okhttp3.internal.http2.Http2Connection this$0
kotlinx.coroutines.flow.FlowKt__DelayKt$debounceInternal$1$3$2: java.lang.Object L$0
okhttp3.internal.http2.Hpack: okhttp3.internal.http2.Header[] STATIC_HEADER_TABLE
kotlinx.coroutines.scheduling.DefaultIoScheduler: kotlinx.coroutines.CoroutineDispatcher default
okhttp3.internal.cache.CacheStrategy$Factory: long nowMillis
com.topjohnwu.superuser.internal.JobTask: com.topjohnwu.superuser.Shell$ResultCallback callback
dagger.hilt.android.internal.managers.ApplicationComponentManager: dagger.hilt.android.internal.managers.ComponentSupplier componentCreator
okhttp3.internal.http2.Http2: int FLAG_PRIORITY
okhttp3.Request: okhttp3.HttpUrl url
okhttp3.internal.Util: byte[] EMPTY_BYTE_ARRAY
androidx.room.RoomDatabase: java.util.concurrent.Executor internalQueryExecutor
okhttp3.internal.http2.Http2ExchangeCodec: okhttp3.internal.http2.Http2Connection http2Connection
okhttp3.CipherSuite: okhttp3.CipherSuite TLS_KRB5_WITH_DES_CBC_SHA
androidx.work.impl.model.Preference: java.lang.String key
kotlinx.coroutines.flow.internal.NullSurrogateKt: kotlinx.coroutines.internal.Symbol NULL
kotlinx.coroutines.channels.BufferedChannelKt: int RESULT_SUSPEND
androidx.datastore.preferences.PreferencesProto$Value: int DOUBLE_FIELD_NUMBER
androidx.work.impl.model.WorkSpec: long flexDuration
kotlinx.coroutines.flow.FlowKt__LimitKt$take$2$1$emit$1: int label
androidx.compose.runtime.ParcelableSnapshotMutableFloatState: android.os.Parcelable$Creator CREATOR
kotlinx.coroutines.flow.FlowKt__ReduceKt$first$$inlined$collectWhile$1: kotlin.jvm.internal.Ref$ObjectRef $result$inlined
kotlinx.coroutines.flow.FlowKt__BuildersKt$asFlow$$inlined$unsafeFlow$3$1: kotlinx.coroutines.flow.FlowKt__BuildersKt$asFlow$$inlined$unsafeFlow$3 this$0
kotlinx.coroutines.AwaitAll$AwaitAllNode: kotlinx.coroutines.CancellableContinuation continuation
kotlinx.coroutines.flow.FlowKt__BuildersKt$asFlow$$inlined$unsafeFlow$7$1: int I$1
kotlinx.coroutines.debug.internal.DebugProbesImpl: kotlinx.coroutines.debug.internal.ConcurrentWeakMap capturedCoroutinesMap
okhttp3.internal.connection.RealConnection: int successCount
okhttp3.internal.http2.Http2ExchangeCodec: okhttp3.internal.connection.RealConnection connection
kotlin.jvm.internal.Lambda: int arity
kotlinx.coroutines.flow.FlowKt__LimitKt$takeWhile$$inlined$unsafeFlow$1$1: java.lang.Object L$0
kotlinx.coroutines.debug.internal.DebugProbesImpl$dumpCoroutinesInfoImpl$3: kotlin.jvm.functions.Function2 $create
kotlinx.coroutines.JobSupport$SelectOnAwaitCompletionHandler: kotlinx.coroutines.selects.SelectInstance select
kotlinx.coroutines.channels.ChannelsKt__Channels_commonKt$toList$1: java.lang.Object L$1
kotlinx.coroutines.channels.ChannelsKt__DeprecatedKt$distinct$1: java.lang.Object L$0
kotlinx.coroutines.flow.StartedLazily$command$1$1: kotlinx.coroutines.flow.FlowCollector $$this$flow
okhttp3.Protocol: okhttp3.Protocol HTTP_2
kotlinx.coroutines.selects.SelectClause0Impl: kotlin.jvm.functions.Function3 regFunc